2021-03-26 09:10:34,059 INFO 25072 [Timer] C:\Users\gucortez\Documents\CursoNodejs\NODEJS\AutoAprendizaje\Egg\myegg\node_modules\egg-multipart\app\schedule\clean_tmpdir.js next time will execute after 69565944ms at 2021-03-27 04:30:00.003
2021-03-26 09:10:34,059 INFO 25072 [Timer] C:\Users\gucortez\Documents\CursoNodejs\NODEJS\AutoAprendizaje\Egg\myegg\node_modules\egg-logrotator\app\schedule\clean_log.js next time will execute after 53365941ms at 2021-03-27 00:00:00.000
2021-03-26 09:10:34,059 INFO 25072 [Timer] C:\Users\gucortez\Documents\CursoNodejs\NODEJS\AutoAprendizaje\Egg\myegg\node_modules\egg-logrotator\app\schedule\rotate_by_file.js next time will execute after 53366941ms at 2021-03-27 00:00:01.000
2021-03-26 09:10:33,853 INFO 30248 [egg-schedule]: register schedule C:\Users\gucortez\Documents\CursoNodejs\NODEJS\AutoAprendizaje\Egg\myegg\node_modules\egg-multipart\app\schedule\clean_tmpdir.js
2021-03-26 09:10:33,853 INFO 30248 [egg-schedule]: register schedule C:\Users\gucortez\Documents\CursoNodejs\NODEJS\AutoAprendizaje\Egg\myegg\node_modules\egg-logrotator\app\schedule\clean_log.js
2021-03-26 09:10:33,853 INFO 30248 [egg-schedule]: register schedule C:\Users\gucortez\Documents\CursoNodejs\NODEJS\AutoAprendizaje\Egg\myegg\node_modules\egg-logrotator\app\schedule\rotate_by_file.js
2021-03-26 09:13:57,091 INFO 25188 [Timer] C:\Users\gucortez\Documents\CursoNodejs\NODEJS\AutoAprendizaje\Egg\myegg\node_modules\egg-multipart\app\schedule\clean_tmpdir.js next time will execute after 69362912ms at 2021-03-27 04:30:00.003
2021-03-26 09:13:57,092 INFO 25188 [Timer] C:\Users\gucortez\Documents\CursoNodejs\NODEJS\AutoAprendizaje\Egg\myegg\node_modules\egg-logrotator\app\schedule\clean_log.js next time will execute after 53162909ms at 2021-03-27 00:00:00.001
2021-03-26 09:13:57,092 INFO 25188 [Timer] C:\Users\gucortez\Documents\CursoNodejs\NODEJS\AutoAprendizaje\Egg\myegg\node_modules\egg-logrotator\app\schedule\rotate_by_file.js next time will execute after 53163908ms at 2021-03-27 00:00:01.000
2021-03-26 09:13:56,939 INFO 29020 [egg-schedule]: register schedule C:\Users\gucortez\Documents\CursoNodejs\NODEJS\AutoAprendizaje\Egg\myegg\node_modules\egg-multipart\app\schedule\clean_tmpdir.js
2021-03-26 09:13:56,940 INFO 29020 [egg-schedule]: register schedule C:\Users\gucortez\Documents\CursoNodejs\NODEJS\AutoAprendizaje\Egg\myegg\node_modules\egg-logrotator\app\schedule\clean_log.js
2021-03-26 09:13:56,940 INFO 29020 [egg-schedule]: register schedule C:\Users\gucortez\Documents\CursoNodejs\NODEJS\AutoAprendizaje\Egg\myegg\node_modules\egg-logrotator\app\schedule\rotate_by_file.js
2021-03-26 09:14:55,898 INFO 21228 [egg-schedule]: register schedule C:\Users\gucortez\Documents\CursoNodejs\NODEJS\AutoAprendizaje\Egg\myegg\node_modules\egg-multipart\app\schedule\clean_tmpdir.js
2021-03-26 09:14:55,898 INFO 21228 [egg-schedule]: register schedule C:\Users\gucortez\Documents\CursoNodejs\NODEJS\AutoAprendizaje\Egg\myegg\node_modules\egg-logrotator\app\schedule\clean_log.js
2021-03-26 09:14:55,898 INFO 21228 [egg-schedule]: register schedule C:\Users\gucortez\Documents\CursoNodejs\NODEJS\AutoAprendizaje\Egg\myegg\node_modules\egg-logrotator\app\schedule\rotate_by_file.js
2021-03-26 09:15:16,862 INFO 29540 [egg-schedule]: register schedule C:\Users\gucortez\Documents\CursoNodejs\NODEJS\AutoAprendizaje\Egg\myegg\node_modules\egg-multipart\app\schedule\clean_tmpdir.js
2021-03-26 09:15:16,862 INFO 29540 [egg-schedule]: register schedule C:\Users\gucortez\Documents\CursoNodejs\NODEJS\AutoAprendizaje\Egg\myegg\node_modules\egg-logrotator\app\schedule\clean_log.js
2021-03-26 09:15:16,862 INFO 29540 [egg-schedule]: register schedule C:\Users\gucortez\Documents\CursoNodejs\NODEJS\AutoAprendizaje\Egg\myegg\node_modules\egg-logrotator\app\schedule\rotate_by_file.js
2021-03-26 09:15:29,446 INFO 16012 [Timer] C:\Users\gucortez\Documents\CursoNodejs\NODEJS\AutoAprendizaje\Egg\myegg\node_modules\egg-multipart\app\schedule\clean_tmpdir.js next time will execute after 69270556ms at 2021-03-27 04:30:00.002
2021-03-26 09:15:29,447 INFO 16012 [Timer] C:\Users\gucortez\Documents\CursoNodejs\NODEJS\AutoAprendizaje\Egg\myegg\node_modules\egg-logrotator\app\schedule\clean_log.js next time will execute after 53070554ms at 2021-03-27 00:00:00.001
2021-03-26 09:15:29,447 INFO 16012 [Timer] C:\Users\gucortez\Documents\CursoNodejs\NODEJS\AutoAprendizaje\Egg\myegg\node_modules\egg-logrotator\app\schedule\rotate_by_file.js next time will execute after 53071553ms at 2021-03-27 00:00:01.000
2021-03-26 09:15:29,281 INFO 29084 [egg-schedule]: register schedule C:\Users\gucortez\Documents\CursoNodejs\NODEJS\AutoAprendizaje\Egg\myegg\node_modules\egg-multipart\app\schedule\clean_tmpdir.js
2021-03-26 09:15:29,281 INFO 29084 [egg-schedule]: register schedule C:\Users\gucortez\Documents\CursoNodejs\NODEJS\AutoAprendizaje\Egg\myegg\node_modules\egg-logrotator\app\schedule\clean_log.js
2021-03-26 09:15:29,282 INFO 29084 [egg-schedule]: register schedule C:\Users\gucortez\Documents\CursoNodejs\NODEJS\AutoAprendizaje\Egg\myegg\node_modules\egg-logrotator\app\schedule\rotate_by_file.js
2021-03-26 09:15:43,628 INFO 18160 [egg-schedule]: register schedule C:\Users\gucortez\Documents\CursoNodejs\NODEJS\AutoAprendizaje\Egg\myegg\node_modules\egg-multipart\app\schedule\clean_tmpdir.js
2021-03-26 09:15:43,628 INFO 18160 [egg-schedule]: register schedule C:\Users\gucortez\Documents\CursoNodejs\NODEJS\AutoAprendizaje\Egg\myegg\node_modules\egg-logrotator\app\schedule\clean_log.js
2021-03-26 09:15:43,628 INFO 18160 [egg-schedule]: register schedule C:\Users\gucortez\Documents\CursoNodejs\NODEJS\AutoAprendizaje\Egg\myegg\node_modules\egg-logrotator\app\schedule\rotate_by_file.js
2021-03-26 09:19:26,875 INFO 20748 [egg-schedule]: register schedule C:\Users\gucortez\Documents\CursoNodejs\NODEJS\AutoAprendizaje\Egg\myegg\node_modules\egg-multipart\app\schedule\clean_tmpdir.js
2021-03-26 09:19:26,875 INFO 20748 [egg-schedule]: register schedule C:\Users\gucortez\Documents\CursoNodejs\NODEJS\AutoAprendizaje\Egg\myegg\node_modules\egg-logrotator\app\schedule\clean_log.js
2021-03-26 09:19:26,875 INFO 20748 [egg-schedule]: register schedule C:\Users\gucortez\Documents\CursoNodejs\NODEJS\AutoAprendizaje\Egg\myegg\node_modules\egg-logrotator\app\schedule\rotate_by_file.js
2021-03-26 09:19:41,059 INFO 1396 [egg-schedule]: register schedule C:\Users\gucortez\Documents\CursoNodejs\NODEJS\AutoAprendizaje\Egg\myegg\node_modules\egg-multipart\app\schedule\clean_tmpdir.js
2021-03-26 09:19:41,059 INFO 1396 [egg-schedule]: register schedule C:\Users\gucortez\Documents\CursoNodejs\NODEJS\AutoAprendizaje\Egg\myegg\node_modules\egg-logrotator\app\schedule\clean_log.js
2021-03-26 09:19:41,059 INFO 1396 [egg-schedule]: register schedule C:\Users\gucortez\Documents\CursoNodejs\NODEJS\AutoAprendizaje\Egg\myegg\node_modules\egg-logrotator\app\schedule\rotate_by_file.js
2021-03-26 09:23:13,804 INFO 15036 [egg-schedule]: register schedule C:\Users\gucortez\Documents\CursoNodejs\NODEJS\AutoAprendizaje\Egg\myegg\node_modules\egg-multipart\app\schedule\clean_tmpdir.js
2021-03-26 09:23:13,804 INFO 15036 [egg-schedule]: register schedule C:\Users\gucortez\Documents\CursoNodejs\NODEJS\AutoAprendizaje\Egg\myegg\node_modules\egg-logrotator\app\schedule\clean_log.js
2021-03-26 09:23:13,804 INFO 15036 [egg-schedule]: register schedule C:\Users\gucortez\Documents\CursoNodejs\NODEJS\AutoAprendizaje\Egg\myegg\node_modules\egg-logrotator\app\schedule\rotate_by_file.js
2021-03-26 09:27:09,129 INFO 27132 [egg-schedule]: register schedule C:\Users\gucortez\Documents\CursoNodejs\NODEJS\AutoAprendizaje\Egg\myegg\node_modules\egg-multipart\app\schedule\clean_tmpdir.js
2021-03-26 09:27:09,129 INFO 27132 [egg-schedule]: register schedule C:\Users\gucortez\Documents\CursoNodejs\NODEJS\AutoAprendizaje\Egg\myegg\node_modules\egg-logrotator\app\schedule\clean_log.js
2021-03-26 09:27:09,129 INFO 27132 [egg-schedule]: register schedule C:\Users\gucortez\Documents\CursoNodejs\NODEJS\AutoAprendizaje\Egg\myegg\node_modules\egg-logrotator\app\schedule\rotate_by_file.js
2021-03-26 09:33:52,050 INFO 12472 [egg-schedule]: register schedule C:\Users\gucortez\Documents\CursoNodejs\NODEJS\AutoAprendizaje\Egg\myegg\node_modules\egg-multipart\app\schedule\clean_tmpdir.js
2021-03-26 09:33:52,050 INFO 12472 [egg-schedule]: register schedule C:\Users\gucortez\Documents\CursoNodejs\NODEJS\AutoAprendizaje\Egg\myegg\node_modules\egg-logrotator\app\schedule\clean_log.js
2021-03-26 09:33:52,050 INFO 12472 [egg-schedule]: register schedule C:\Users\gucortez\Documents\CursoNodejs\NODEJS\AutoAprendizaje\Egg\myegg\node_modules\egg-logrotator\app\schedule\rotate_by_file.js
2021-03-26 09:34:01,645 INFO 20296 [egg-schedule]: register schedule C:\Users\gucortez\Documents\CursoNodejs\NODEJS\AutoAprendizaje\Egg\myegg\node_modules\egg-multipart\app\schedule\clean_tmpdir.js
2021-03-26 09:34:01,645 INFO 20296 [egg-schedule]: register schedule C:\Users\gucortez\Documents\CursoNodejs\NODEJS\AutoAprendizaje\Egg\myegg\node_modules\egg-logrotator\app\schedule\clean_log.js
2021-03-26 09:34:01,645 INFO 20296 [egg-schedule]: register schedule C:\Users\gucortez\Documents\CursoNodejs\NODEJS\AutoAprendizaje\Egg\myegg\node_modules\egg-logrotator\app\schedule\rotate_by_file.js
2021-03-26 09:34:03,815 INFO 13968 [egg-schedule]: register schedule C:\Users\gucortez\Documents\CursoNodejs\NODEJS\AutoAprendizaje\Egg\myegg\node_modules\egg-multipart\app\schedule\clean_tmpdir.js
2021-03-26 09:34:03,815 INFO 13968 [egg-schedule]: register schedule C:\Users\gucortez\Documents\CursoNodejs\NODEJS\AutoAprendizaje\Egg\myegg\node_modules\egg-logrotator\app\schedule\clean_log.js
2021-03-26 09:34:03,815 INFO 13968 [egg-schedule]: register schedule C:\Users\gucortez\Documents\CursoNodejs\NODEJS\AutoAprendizaje\Egg\myegg\node_modules\egg-logrotator\app\schedule\rotate_by_file.js
2021-03-26 09:35:13,358 INFO 17708 [egg-schedule]: register schedule C:\Users\gucortez\Documents\CursoNodejs\NODEJS\AutoAprendizaje\Egg\myegg\node_modules\egg-multipart\app\schedule\clean_tmpdir.js
2021-03-26 09:35:13,358 INFO 17708 [egg-schedule]: register schedule C:\Users\gucortez\Documents\CursoNodejs\NODEJS\AutoAprendizaje\Egg\myegg\node_modules\egg-logrotator\app\schedule\clean_log.js
2021-03-26 09:35:13,358 INFO 17708 [egg-schedule]: register schedule C:\Users\gucortez\Documents\CursoNodejs\NODEJS\AutoAprendizaje\Egg\myegg\node_modules\egg-logrotator\app\schedule\rotate_by_file.js
2021-03-26 09:57:33,054 INFO 31200 [egg-schedule]: register schedule C:\Users\gucortez\Documents\CursoNodejs\NODEJS\AutoAprendizaje\Egg\myegg\node_modules\egg-multipart\app\schedule\clean_tmpdir.js
2021-03-26 09:57:33,054 INFO 31200 [egg-schedule]: register schedule C:\Users\gucortez\Documents\CursoNodejs\NODEJS\AutoAprendizaje\Egg\myegg\node_modules\egg-logrotator\app\schedule\clean_log.js
2021-03-26 09:57:33,054 INFO 31200 [egg-schedule]: register schedule C:\Users\gucortez\Documents\CursoNodejs\NODEJS\AutoAprendizaje\Egg\myegg\node_modules\egg-logrotator\app\schedule\rotate_by_file.js
2021-03-26 09:58:08,951 INFO 21484 [egg-schedule]: register schedule C:\Users\gucortez\Documents\CursoNodejs\NODEJS\AutoAprendizaje\Egg\myegg\node_modules\egg-multipart\app\schedule\clean_tmpdir.js
2021-03-26 09:58:08,951 INFO 21484 [egg-schedule]: register schedule C:\Users\gucortez\Documents\CursoNodejs\NODEJS\AutoAprendizaje\Egg\myegg\node_modules\egg-logrotator\app\schedule\clean_log.js
2021-03-26 09:58:08,951 INFO 21484 [egg-schedule]: register schedule C:\Users\gucortez\Documents\CursoNodejs\NODEJS\AutoAprendizaje\Egg\myegg\node_modules\egg-logrotator\app\schedule\rotate_by_file.js
2021-03-26 09:58:52,792 INFO 26132 [egg-schedule]: register schedule C:\Users\gucortez\Documents\CursoNodejs\NODEJS\AutoAprendizaje\Egg\myegg\node_modules\egg-multipart\app\schedule\clean_tmpdir.js
2021-03-26 09:58:52,792 INFO 26132 [egg-schedule]: register schedule C:\Users\gucortez\Documents\CursoNodejs\NODEJS\AutoAprendizaje\Egg\myegg\node_modules\egg-logrotator\app\schedule\clean_log.js
2021-03-26 09:58:52,792 INFO 26132 [egg-schedule]: register schedule C:\Users\gucortez\Documents\CursoNodejs\NODEJS\AutoAprendizaje\Egg\myegg\node_modules\egg-logrotator\app\schedule\rotate_by_file.js
2021-03-26 10:10:13,735 INFO 17176 [egg-schedule]: register schedule C:\Users\gucortez\Documents\CursoNodejs\NODEJS\AutoAprendizaje\Egg\myegg\node_modules\egg-multipart\app\schedule\clean_tmpdir.js
2021-03-26 10:10:13,735 INFO 17176 [egg-schedule]: register schedule C:\Users\gucortez\Documents\CursoNodejs\NODEJS\AutoAprendizaje\Egg\myegg\node_modules\egg-logrotator\app\schedule\clean_log.js
2021-03-26 10:10:13,736 INFO 17176 [egg-schedule]: register schedule C:\Users\gucortez\Documents\CursoNodejs\NODEJS\AutoAprendizaje\Egg\myegg\node_modules\egg-logrotator\app\schedule\rotate_by_file.js
2021-03-26 10:10:15,451 INFO 2144 [egg-schedule]: register schedule C:\Users\gucortez\Documents\CursoNodejs\NODEJS\AutoAprendizaje\Egg\myegg\node_modules\egg-multipart\app\schedule\clean_tmpdir.js
2021-03-26 10:10:15,451 INFO 2144 [egg-schedule]: register schedule C:\Users\gucortez\Documents\CursoNodejs\NODEJS\AutoAprendizaje\Egg\myegg\node_modules\egg-logrotator\app\schedule\clean_log.js
2021-03-26 10:10:15,451 INFO 2144 [egg-schedule]: register schedule C:\Users\gucortez\Documents\CursoNodejs\NODEJS\AutoAprendizaje\Egg\myegg\node_modules\egg-logrotator\app\schedule\rotate_by_file.js
