2021-03-26 09:10:33,812 INFO 30248 [egg:logger] init all loggers with options: {"dir":"C:\\Users\\gucortez\\Documents\\CursoNodejs\\NODEJS\\AutoAprendizaje\\Egg\\myegg\\logs\\myegg","encoding":"utf8","env":"local","level":"INFO","consoleLevel":"INFO","disableConsoleAfterReady":false,"outputJSON":false,"buffer":true,"appLogName":"myegg-web.log","coreLogName":"egg-web.log","agentLogName":"egg-agent.log","errorLogName":"common-error.log","coreLogger":{"consoleLevel":"WARN"},"allowDebugAtProd":false,"type":"application"}
2021-03-26 09:10:33,854 INFO 30248 [egg-multipart] stream mode enable
2021-03-26 09:10:34,006 INFO 30248 [egg-static] starting static serve /public/ -> C:\Users\gucortez\Documents\CursoNodejs\NODEJS\AutoAprendizaje\Egg\myegg\app\public
2021-03-26 09:10:34,010 INFO 30248 [egg-security] use csrf middleware
2021-03-26 09:10:34,011 INFO 30248 [egg-security] use methodnoallow middleware
2021-03-26 09:10:34,012 INFO 30248 [egg-security] use noopen middleware
2021-03-26 09:10:34,013 INFO 30248 [egg-security] use nosniff middleware
2021-03-26 09:10:34,014 INFO 30248 [egg-security] use xssProtection middleware
2021-03-26 09:10:34,015 INFO 30248 [egg-security] use xframe middleware
2021-03-26 09:10:34,016 INFO 30248 [egg-security] use dta middleware
2021-03-26 09:10:34,016 INFO 30248 [egg-security] compose 7 middlewares into one security middleware
2021-03-26 09:10:34,027 INFO 30248 [egg:core] dump config after load, 6ms
2021-03-26 09:10:34,042 INFO 30248 [egg-watcher:application] watcher start success
2021-03-26 09:10:34,051 INFO 30248 [egg:core] dump config after ready, 7ms
2021-03-26 09:13:56,915 INFO 29020 [egg:logger] init all loggers with options: {"dir":"C:\\Users\\gucortez\\Documents\\CursoNodejs\\NODEJS\\AutoAprendizaje\\Egg\\myegg\\logs\\myegg","encoding":"utf8","env":"local","level":"INFO","consoleLevel":"INFO","disableConsoleAfterReady":false,"outputJSON":false,"buffer":true,"appLogName":"myegg-web.log","coreLogName":"egg-web.log","agentLogName":"egg-agent.log","errorLogName":"common-error.log","coreLogger":{"consoleLevel":"WARN"},"allowDebugAtProd":false,"type":"application"}
2021-03-26 09:13:56,940 INFO 29020 [egg-multipart] stream mode enable
2021-03-26 09:13:57,049 INFO 29020 [egg-static] starting static serve /public/ -> C:\Users\gucortez\Documents\CursoNodejs\NODEJS\AutoAprendizaje\Egg\myegg\app\public
2021-03-26 09:13:57,053 INFO 29020 [egg-security] use csrf middleware
2021-03-26 09:13:57,054 INFO 29020 [egg-security] use methodnoallow middleware
2021-03-26 09:13:57,054 INFO 29020 [egg-security] use noopen middleware
2021-03-26 09:13:57,055 INFO 29020 [egg-security] use nosniff middleware
2021-03-26 09:13:57,056 INFO 29020 [egg-security] use xssProtection middleware
2021-03-26 09:13:57,056 INFO 29020 [egg-security] use xframe middleware
2021-03-26 09:13:57,057 INFO 29020 [egg-security] use dta middleware
2021-03-26 09:13:57,057 INFO 29020 [egg-security] compose 7 middlewares into one security middleware
2021-03-26 09:13:57,065 INFO 29020 [egg:core] dump config after load, 4ms
2021-03-26 09:13:57,076 INFO 29020 [egg-watcher:application] watcher start success
2021-03-26 09:13:57,084 INFO 29020 [egg:core] dump config after ready, 6ms
2021-03-26 09:14:55,868 INFO 21228 [egg:logger] init all loggers with options: {"dir":"C:\\Users\\gucortez\\Documents\\CursoNodejs\\NODEJS\\AutoAprendizaje\\Egg\\myegg\\logs\\myegg","encoding":"utf8","env":"local","level":"INFO","consoleLevel":"INFO","disableConsoleAfterReady":false,"outputJSON":false,"buffer":true,"appLogName":"myegg-web.log","coreLogName":"egg-web.log","agentLogName":"egg-agent.log","errorLogName":"common-error.log","coreLogger":{"consoleLevel":"WARN"},"allowDebugAtProd":false,"type":"application"}
2021-03-26 09:14:55,899 INFO 21228 [egg-multipart] stream mode enable
2021-03-26 09:14:56,022 INFO 21228 [egg-static] starting static serve /public/ -> C:\Users\gucortez\Documents\CursoNodejs\NODEJS\AutoAprendizaje\Egg\myegg\app\public
2021-03-26 09:14:56,024 INFO 21228 [egg-security] use csrf middleware
2021-03-26 09:14:56,026 INFO 21228 [egg-security] use methodnoallow middleware
2021-03-26 09:14:56,026 INFO 21228 [egg-security] use noopen middleware
2021-03-26 09:14:56,027 INFO 21228 [egg-security] use nosniff middleware
2021-03-26 09:14:56,028 INFO 21228 [egg-security] use xssProtection middleware
2021-03-26 09:14:56,028 INFO 21228 [egg-security] use xframe middleware
2021-03-26 09:14:56,029 INFO 21228 [egg-security] use dta middleware
2021-03-26 09:14:56,029 INFO 21228 [egg-security] compose 7 middlewares into one security middleware
2021-03-26 09:14:56,037 INFO 21228 [egg:core] dump config after load, 4ms
2021-03-26 09:14:56,047 INFO 21228 [egg-watcher:application] watcher start success
2021-03-26 09:14:56,055 INFO 21228 [egg:core] dump config after ready, 6ms
2021-03-26 09:15:16,820 INFO 29540 [egg:logger] init all loggers with options: {"dir":"C:\\Users\\gucortez\\Documents\\CursoNodejs\\NODEJS\\AutoAprendizaje\\Egg\\myegg\\logs\\myegg","encoding":"utf8","env":"local","level":"INFO","consoleLevel":"INFO","disableConsoleAfterReady":false,"outputJSON":false,"buffer":true,"appLogName":"myegg-web.log","coreLogName":"egg-web.log","agentLogName":"egg-agent.log","errorLogName":"common-error.log","coreLogger":{"consoleLevel":"WARN"},"allowDebugAtProd":false,"type":"application"}
2021-03-26 09:15:16,863 INFO 29540 [egg-multipart] stream mode enable
2021-03-26 09:15:17,007 INFO 29540 [egg-static] starting static serve /public/ -> C:\Users\gucortez\Documents\CursoNodejs\NODEJS\AutoAprendizaje\Egg\myegg\app\public
2021-03-26 09:15:17,010 INFO 29540 [egg-security] use csrf middleware
2021-03-26 09:15:17,011 INFO 29540 [egg-security] use methodnoallow middleware
2021-03-26 09:15:17,012 INFO 29540 [egg-security] use noopen middleware
2021-03-26 09:15:17,013 INFO 29540 [egg-security] use nosniff middleware
2021-03-26 09:15:17,014 INFO 29540 [egg-security] use xssProtection middleware
2021-03-26 09:15:17,014 INFO 29540 [egg-security] use xframe middleware
2021-03-26 09:15:17,015 INFO 29540 [egg-security] use dta middleware
2021-03-26 09:15:17,015 INFO 29540 [egg-security] compose 7 middlewares into one security middleware
2021-03-26 09:15:17,026 INFO 29540 [egg:core] dump config after load, 5ms
2021-03-26 09:15:17,038 INFO 29540 [egg-watcher:application] watcher start success
2021-03-26 09:15:17,048 INFO 29540 [egg:core] dump config after ready, 7ms
2021-03-26 09:15:29,249 INFO 29084 [egg:logger] init all loggers with options: {"dir":"C:\\Users\\gucortez\\Documents\\CursoNodejs\\NODEJS\\AutoAprendizaje\\Egg\\myegg\\logs\\myegg","encoding":"utf8","env":"local","level":"INFO","consoleLevel":"INFO","disableConsoleAfterReady":false,"outputJSON":false,"buffer":true,"appLogName":"myegg-web.log","coreLogName":"egg-web.log","agentLogName":"egg-agent.log","errorLogName":"common-error.log","coreLogger":{"consoleLevel":"WARN"},"allowDebugAtProd":false,"type":"application"}
2021-03-26 09:15:29,282 INFO 29084 [egg-multipart] stream mode enable
2021-03-26 09:15:29,405 INFO 29084 [egg-static] starting static serve /public/ -> C:\Users\gucortez\Documents\CursoNodejs\NODEJS\AutoAprendizaje\Egg\myegg\app\public
2021-03-26 09:15:29,408 INFO 29084 [egg-security] use csrf middleware
2021-03-26 09:15:29,409 INFO 29084 [egg-security] use methodnoallow middleware
2021-03-26 09:15:29,409 INFO 29084 [egg-security] use noopen middleware
2021-03-26 09:15:29,410 INFO 29084 [egg-security] use nosniff middleware
2021-03-26 09:15:29,411 INFO 29084 [egg-security] use xssProtection middleware
2021-03-26 09:15:29,412 INFO 29084 [egg-security] use xframe middleware
2021-03-26 09:15:29,412 INFO 29084 [egg-security] use dta middleware
2021-03-26 09:15:29,412 INFO 29084 [egg-security] compose 7 middlewares into one security middleware
2021-03-26 09:15:29,421 INFO 29084 [egg:core] dump config after load, 5ms
2021-03-26 09:15:29,434 INFO 29084 [egg-watcher:application] watcher start success
2021-03-26 09:15:29,441 INFO 29084 [egg:core] dump config after ready, 5ms
2021-03-26 09:15:43,602 INFO 18160 [egg:logger] init all loggers with options: {"dir":"C:\\Users\\gucortez\\Documents\\CursoNodejs\\NODEJS\\AutoAprendizaje\\Egg\\myegg\\logs\\myegg","encoding":"utf8","env":"local","level":"INFO","consoleLevel":"INFO","disableConsoleAfterReady":false,"outputJSON":false,"buffer":true,"appLogName":"myegg-web.log","coreLogName":"egg-web.log","agentLogName":"egg-agent.log","errorLogName":"common-error.log","coreLogger":{"consoleLevel":"WARN"},"allowDebugAtProd":false,"type":"application"}
2021-03-26 09:15:43,629 INFO 18160 [egg-multipart] stream mode enable
2021-03-26 09:15:43,738 INFO 18160 [egg-static] starting static serve /public/ -> C:\Users\gucortez\Documents\CursoNodejs\NODEJS\AutoAprendizaje\Egg\myegg\app\public
2021-03-26 09:15:43,740 INFO 18160 [egg-security] use csrf middleware
2021-03-26 09:15:43,741 INFO 18160 [egg-security] use methodnoallow middleware
2021-03-26 09:15:43,742 INFO 18160 [egg-security] use noopen middleware
2021-03-26 09:15:43,743 INFO 18160 [egg-security] use nosniff middleware
2021-03-26 09:15:43,743 INFO 18160 [egg-security] use xssProtection middleware
2021-03-26 09:15:43,744 INFO 18160 [egg-security] use xframe middleware
2021-03-26 09:15:43,744 INFO 18160 [egg-security] use dta middleware
2021-03-26 09:15:43,744 INFO 18160 [egg-security] compose 7 middlewares into one security middleware
2021-03-26 09:15:43,752 INFO 18160 [egg:core] dump config after load, 4ms
2021-03-26 09:15:43,762 INFO 18160 [egg-watcher:application] watcher start success
2021-03-26 09:15:43,770 INFO 18160 [egg:core] dump config after ready, 6ms
2021-03-26 09:19:26,850 INFO 20748 [egg:logger] init all loggers with options: {"dir":"C:\\Users\\gucortez\\Documents\\CursoNodejs\\NODEJS\\AutoAprendizaje\\Egg\\myegg\\logs\\myegg","encoding":"utf8","env":"local","level":"INFO","consoleLevel":"INFO","disableConsoleAfterReady":false,"outputJSON":false,"buffer":true,"appLogName":"myegg-web.log","coreLogName":"egg-web.log","agentLogName":"egg-agent.log","errorLogName":"common-error.log","coreLogger":{"consoleLevel":"WARN"},"allowDebugAtProd":false,"type":"application"}
2021-03-26 09:19:26,876 INFO 20748 [egg-multipart] stream mode enable
2021-03-26 09:19:26,980 INFO 20748 [egg-static] starting static serve /public/ -> C:\Users\gucortez\Documents\CursoNodejs\NODEJS\AutoAprendizaje\Egg\myegg\app\public
2021-03-26 09:19:26,983 INFO 20748 [egg-security] use csrf middleware
2021-03-26 09:19:26,983 INFO 20748 [egg-security] use methodnoallow middleware
2021-03-26 09:19:26,984 INFO 20748 [egg-security] use noopen middleware
2021-03-26 09:19:26,985 INFO 20748 [egg-security] use nosniff middleware
2021-03-26 09:19:26,985 INFO 20748 [egg-security] use xssProtection middleware
2021-03-26 09:19:26,986 INFO 20748 [egg-security] use xframe middleware
2021-03-26 09:19:26,986 INFO 20748 [egg-security] use dta middleware
2021-03-26 09:19:26,986 INFO 20748 [egg-security] compose 7 middlewares into one security middleware
2021-03-26 09:19:26,994 INFO 20748 [egg:core] dump config after load, 4ms
2021-03-26 09:19:27,003 INFO 20748 [egg-watcher:application] watcher start success
2021-03-26 09:19:27,010 INFO 20748 [egg:core] dump config after ready, 5ms
2021-03-26 09:19:41,030 INFO 1396 [egg:logger] init all loggers with options: {"dir":"C:\\Users\\gucortez\\Documents\\CursoNodejs\\NODEJS\\AutoAprendizaje\\Egg\\myegg\\logs\\myegg","encoding":"utf8","env":"local","level":"INFO","consoleLevel":"INFO","disableConsoleAfterReady":false,"outputJSON":false,"buffer":true,"appLogName":"myegg-web.log","coreLogName":"egg-web.log","agentLogName":"egg-agent.log","errorLogName":"common-error.log","coreLogger":{"consoleLevel":"WARN"},"allowDebugAtProd":false,"type":"application"}
2021-03-26 09:19:41,059 INFO 1396 [egg-multipart] stream mode enable
2021-03-26 09:19:41,165 INFO 1396 [egg-static] starting static serve /public/ -> C:\Users\gucortez\Documents\CursoNodejs\NODEJS\AutoAprendizaje\Egg\myegg\app\public
2021-03-26 09:19:41,167 INFO 1396 [egg-security] use csrf middleware
2021-03-26 09:19:41,168 INFO 1396 [egg-security] use methodnoallow middleware
2021-03-26 09:19:41,168 INFO 1396 [egg-security] use noopen middleware
2021-03-26 09:19:41,169 INFO 1396 [egg-security] use nosniff middleware
2021-03-26 09:19:41,170 INFO 1396 [egg-security] use xssProtection middleware
2021-03-26 09:19:41,170 INFO 1396 [egg-security] use xframe middleware
2021-03-26 09:19:41,171 INFO 1396 [egg-security] use dta middleware
2021-03-26 09:19:41,171 INFO 1396 [egg-security] compose 7 middlewares into one security middleware
2021-03-26 09:19:41,180 INFO 1396 [egg:core] dump config after load, 4ms
2021-03-26 09:19:41,191 INFO 1396 [egg-watcher:application] watcher start success
2021-03-26 09:19:41,200 INFO 1396 [egg:core] dump config after ready, 7ms
2021-03-26 09:23:13,765 INFO 15036 [egg:logger] init all loggers with options: {"dir":"C:\\Users\\gucortez\\Documents\\CursoNodejs\\NODEJS\\AutoAprendizaje\\Egg\\myegg\\logs\\myegg","encoding":"utf8","env":"local","level":"INFO","consoleLevel":"INFO","disableConsoleAfterReady":false,"outputJSON":false,"buffer":true,"appLogName":"myegg-web.log","coreLogName":"egg-web.log","agentLogName":"egg-agent.log","errorLogName":"common-error.log","coreLogger":{"consoleLevel":"WARN"},"allowDebugAtProd":false,"type":"application"}
2021-03-26 09:23:13,804 INFO 15036 [egg-multipart] stream mode enable
2021-03-26 09:23:13,953 INFO 15036 [egg-static] starting static serve /public/ -> C:\Users\gucortez\Documents\CursoNodejs\NODEJS\AutoAprendizaje\Egg\myegg\app\public
2021-03-26 09:23:13,956 INFO 15036 [egg-security] use csrf middleware
2021-03-26 09:23:13,957 INFO 15036 [egg-security] use methodnoallow middleware
2021-03-26 09:23:13,958 INFO 15036 [egg-security] use noopen middleware
2021-03-26 09:23:13,960 INFO 15036 [egg-security] use nosniff middleware
2021-03-26 09:23:13,961 INFO 15036 [egg-security] use xssProtection middleware
2021-03-26 09:23:13,961 INFO 15036 [egg-security] use xframe middleware
2021-03-26 09:23:13,962 INFO 15036 [egg-security] use dta middleware
2021-03-26 09:23:13,962 INFO 15036 [egg-security] compose 7 middlewares into one security middleware
2021-03-26 09:23:13,974 INFO 15036 [egg:core] dump config after load, 5ms
2021-03-26 09:23:13,988 INFO 15036 [egg-watcher:application] watcher start success
2021-03-26 09:23:13,998 INFO 15036 [egg:core] dump config after ready, 8ms
2021-03-26 09:27:09,098 INFO 27132 [egg:logger] init all loggers with options: {"dir":"C:\\Users\\gucortez\\Documents\\CursoNodejs\\NODEJS\\AutoAprendizaje\\Egg\\myegg\\logs\\myegg","encoding":"utf8","env":"local","level":"INFO","consoleLevel":"INFO","disableConsoleAfterReady":false,"outputJSON":false,"buffer":true,"appLogName":"myegg-web.log","coreLogName":"egg-web.log","agentLogName":"egg-agent.log","errorLogName":"common-error.log","coreLogger":{"consoleLevel":"WARN"},"allowDebugAtProd":false,"type":"application"}
2021-03-26 09:27:09,130 INFO 27132 [egg-multipart] stream mode enable
2021-03-26 09:27:09,261 INFO 27132 [egg-static] starting static serve /public/ -> C:\Users\gucortez\Documents\CursoNodejs\NODEJS\AutoAprendizaje\Egg\myegg\app\public
2021-03-26 09:27:09,264 INFO 27132 [egg-security] use csrf middleware
2021-03-26 09:27:09,265 INFO 27132 [egg-security] use methodnoallow middleware
2021-03-26 09:27:09,265 INFO 27132 [egg-security] use noopen middleware
2021-03-26 09:27:09,266 INFO 27132 [egg-security] use nosniff middleware
2021-03-26 09:27:09,267 INFO 27132 [egg-security] use xssProtection middleware
2021-03-26 09:27:09,268 INFO 27132 [egg-security] use xframe middleware
2021-03-26 09:27:09,269 INFO 27132 [egg-security] use dta middleware
2021-03-26 09:27:09,269 INFO 27132 [egg-security] compose 7 middlewares into one security middleware
2021-03-26 09:27:09,279 INFO 27132 [egg:core] dump config after load, 5ms
2021-03-26 09:27:09,293 INFO 27132 [egg-watcher:application] watcher start success
2021-03-26 09:27:09,302 INFO 27132 [egg:core] dump config after ready, 6ms
2021-03-26 09:33:52,016 INFO 12472 [egg:logger] init all loggers with options: {"dir":"C:\\Users\\gucortez\\Documents\\CursoNodejs\\NODEJS\\AutoAprendizaje\\Egg\\myegg\\logs\\myegg","encoding":"utf8","env":"local","level":"INFO","consoleLevel":"INFO","disableConsoleAfterReady":false,"outputJSON":false,"buffer":true,"appLogName":"myegg-web.log","coreLogName":"egg-web.log","agentLogName":"egg-agent.log","errorLogName":"common-error.log","coreLogger":{"consoleLevel":"WARN"},"allowDebugAtProd":false,"type":"application"}
2021-03-26 09:33:52,051 INFO 12472 [egg-multipart] stream mode enable
2021-03-26 09:33:52,192 INFO 12472 [egg-static] starting static serve /public/ -> C:\Users\gucortez\Documents\CursoNodejs\NODEJS\AutoAprendizaje\Egg\myegg\app\public
2021-03-26 09:33:52,196 INFO 12472 [egg-security] use csrf middleware
2021-03-26 09:33:52,198 INFO 12472 [egg-security] use methodnoallow middleware
2021-03-26 09:33:52,199 INFO 12472 [egg-security] use noopen middleware
2021-03-26 09:33:52,200 INFO 12472 [egg-security] use nosniff middleware
2021-03-26 09:33:52,200 INFO 12472 [egg-security] use xssProtection middleware
2021-03-26 09:33:52,201 INFO 12472 [egg-security] use xframe middleware
2021-03-26 09:33:52,202 INFO 12472 [egg-security] use dta middleware
2021-03-26 09:33:52,202 INFO 12472 [egg-security] compose 7 middlewares into one security middleware
2021-03-26 09:33:52,215 INFO 12472 [egg:core] dump config after load, 7ms
2021-03-26 09:33:52,226 INFO 12472 [egg-watcher:application] watcher start success
2021-03-26 09:33:52,236 INFO 12472 [egg:core] dump config after ready, 8ms
2021-03-26 09:34:01,611 INFO 20296 [egg:logger] init all loggers with options: {"dir":"C:\\Users\\gucortez\\Documents\\CursoNodejs\\NODEJS\\AutoAprendizaje\\Egg\\myegg\\logs\\myegg","encoding":"utf8","env":"local","level":"INFO","consoleLevel":"INFO","disableConsoleAfterReady":false,"outputJSON":false,"buffer":true,"appLogName":"myegg-web.log","coreLogName":"egg-web.log","agentLogName":"egg-agent.log","errorLogName":"common-error.log","coreLogger":{"consoleLevel":"WARN"},"allowDebugAtProd":false,"type":"application"}
2021-03-26 09:34:01,645 INFO 20296 [egg-multipart] stream mode enable
2021-03-26 09:34:01,795 INFO 20296 [egg-static] starting static serve /public/ -> C:\Users\gucortez\Documents\CursoNodejs\NODEJS\AutoAprendizaje\Egg\myegg\app\public
2021-03-26 09:34:01,798 INFO 20296 [egg-security] use csrf middleware
2021-03-26 09:34:01,800 INFO 20296 [egg-security] use methodnoallow middleware
2021-03-26 09:34:01,801 INFO 20296 [egg-security] use noopen middleware
2021-03-26 09:34:01,802 INFO 20296 [egg-security] use nosniff middleware
2021-03-26 09:34:01,804 INFO 20296 [egg-security] use xssProtection middleware
2021-03-26 09:34:01,805 INFO 20296 [egg-security] use xframe middleware
2021-03-26 09:34:01,806 INFO 20296 [egg-security] use dta middleware
2021-03-26 09:34:01,806 INFO 20296 [egg-security] compose 7 middlewares into one security middleware
2021-03-26 09:34:01,823 INFO 20296 [egg:core] dump config after load, 9ms
2021-03-26 09:34:01,836 INFO 20296 [egg-watcher:application] watcher start success
2021-03-26 09:34:01,848 INFO 20296 [egg:core] dump config after ready, 10ms
2021-03-26 09:34:03,775 INFO 13968 [egg:logger] init all loggers with options: {"dir":"C:\\Users\\gucortez\\Documents\\CursoNodejs\\NODEJS\\AutoAprendizaje\\Egg\\myegg\\logs\\myegg","encoding":"utf8","env":"local","level":"INFO","consoleLevel":"INFO","disableConsoleAfterReady":false,"outputJSON":false,"buffer":true,"appLogName":"myegg-web.log","coreLogName":"egg-web.log","agentLogName":"egg-agent.log","errorLogName":"common-error.log","coreLogger":{"consoleLevel":"WARN"},"allowDebugAtProd":false,"type":"application"}
2021-03-26 09:34:03,816 INFO 13968 [egg-multipart] stream mode enable
2021-03-26 09:34:03,982 INFO 13968 [egg-static] starting static serve /public/ -> C:\Users\gucortez\Documents\CursoNodejs\NODEJS\AutoAprendizaje\Egg\myegg\app\public
2021-03-26 09:34:03,985 INFO 13968 [egg-security] use csrf middleware
2021-03-26 09:34:03,987 INFO 13968 [egg-security] use methodnoallow middleware
2021-03-26 09:34:03,987 INFO 13968 [egg-security] use noopen middleware
2021-03-26 09:34:03,988 INFO 13968 [egg-security] use nosniff middleware
2021-03-26 09:34:03,989 INFO 13968 [egg-security] use xssProtection middleware
2021-03-26 09:34:03,990 INFO 13968 [egg-security] use xframe middleware
2021-03-26 09:34:03,991 INFO 13968 [egg-security] use dta middleware
2021-03-26 09:34:03,991 INFO 13968 [egg-security] compose 7 middlewares into one security middleware
2021-03-26 09:34:04,003 INFO 13968 [egg:core] dump config after load, 6ms
2021-03-26 09:34:04,016 INFO 13968 [egg-watcher:application] watcher start success
2021-03-26 09:34:04,025 INFO 13968 [egg:core] dump config after ready, 7ms
2021-03-26 09:35:13,324 INFO 17708 [egg:logger] init all loggers with options: {"dir":"C:\\Users\\gucortez\\Documents\\CursoNodejs\\NODEJS\\AutoAprendizaje\\Egg\\myegg\\logs\\myegg","encoding":"utf8","env":"local","level":"INFO","consoleLevel":"INFO","disableConsoleAfterReady":false,"outputJSON":false,"buffer":true,"appLogName":"myegg-web.log","coreLogName":"egg-web.log","agentLogName":"egg-agent.log","errorLogName":"common-error.log","coreLogger":{"consoleLevel":"WARN"},"allowDebugAtProd":false,"type":"application"}
2021-03-26 09:35:13,359 INFO 17708 [egg-multipart] stream mode enable
2021-03-26 09:35:13,487 INFO 17708 [egg-static] starting static serve /public/ -> C:\Users\gucortez\Documents\CursoNodejs\NODEJS\AutoAprendizaje\Egg\myegg\app\public
2021-03-26 09:35:13,490 INFO 17708 [egg-security] use csrf middleware
2021-03-26 09:35:13,491 INFO 17708 [egg-security] use methodnoallow middleware
2021-03-26 09:35:13,491 INFO 17708 [egg-security] use noopen middleware
2021-03-26 09:35:13,492 INFO 17708 [egg-security] use nosniff middleware
2021-03-26 09:35:13,493 INFO 17708 [egg-security] use xssProtection middleware
2021-03-26 09:35:13,494 INFO 17708 [egg-security] use xframe middleware
2021-03-26 09:35:13,494 INFO 17708 [egg-security] use dta middleware
2021-03-26 09:35:13,494 INFO 17708 [egg-security] compose 7 middlewares into one security middleware
2021-03-26 09:35:13,505 INFO 17708 [egg:core] dump config after load, 5ms
2021-03-26 09:35:13,516 INFO 17708 [egg-watcher:application] watcher start success
2021-03-26 09:35:13,524 INFO 17708 [egg:core] dump config after ready, 7ms
2021-03-26 09:57:33,011 INFO 31200 [egg:logger] init all loggers with options: {"dir":"C:\\Users\\gucortez\\Documents\\CursoNodejs\\NODEJS\\AutoAprendizaje\\Egg\\myegg\\logs\\myegg","encoding":"utf8","env":"local","level":"INFO","consoleLevel":"INFO","disableConsoleAfterReady":false,"outputJSON":false,"buffer":true,"appLogName":"myegg-web.log","coreLogName":"egg-web.log","agentLogName":"egg-agent.log","errorLogName":"common-error.log","coreLogger":{"consoleLevel":"WARN"},"allowDebugAtProd":false,"type":"application"}
2021-03-26 09:57:33,055 INFO 31200 [egg-multipart] stream mode enable
2021-03-26 09:57:33,236 INFO 31200 [egg-static] starting static serve /public/ -> C:\Users\gucortez\Documents\CursoNodejs\NODEJS\AutoAprendizaje\Egg\myegg\app\public
2021-03-26 09:57:33,242 INFO 31200 [egg-security] use csrf middleware
2021-03-26 09:57:33,244 INFO 31200 [egg-security] use methodnoallow middleware
2021-03-26 09:57:33,246 INFO 31200 [egg-security] use noopen middleware
2021-03-26 09:57:33,247 INFO 31200 [egg-security] use nosniff middleware
2021-03-26 09:57:33,248 INFO 31200 [egg-security] use xssProtection middleware
2021-03-26 09:57:33,249 INFO 31200 [egg-security] use xframe middleware
2021-03-26 09:57:33,250 INFO 31200 [egg-security] use dta middleware
2021-03-26 09:57:33,250 INFO 31200 [egg-security] compose 7 middlewares into one security middleware
2021-03-26 09:57:33,265 INFO 31200 [egg:core] dump config after load, 7ms
2021-03-26 09:57:33,281 INFO 31200 [egg-watcher:application] watcher start success
2021-03-26 09:57:33,301 INFO 31200 [egg:core] dump config after ready, 18ms
2021-03-26 09:58:08,915 INFO 21484 [egg:logger] init all loggers with options: {"dir":"C:\\Users\\gucortez\\Documents\\CursoNodejs\\NODEJS\\AutoAprendizaje\\Egg\\myegg\\logs\\myegg","encoding":"utf8","env":"local","level":"INFO","consoleLevel":"INFO","disableConsoleAfterReady":false,"outputJSON":false,"buffer":true,"appLogName":"myegg-web.log","coreLogName":"egg-web.log","agentLogName":"egg-agent.log","errorLogName":"common-error.log","coreLogger":{"consoleLevel":"WARN"},"allowDebugAtProd":false,"type":"application"}
2021-03-26 09:58:08,952 INFO 21484 [egg-multipart] stream mode enable
2021-03-26 09:58:09,085 INFO 21484 [egg-static] starting static serve /public/ -> C:\Users\gucortez\Documents\CursoNodejs\NODEJS\AutoAprendizaje\Egg\myegg\app\public
2021-03-26 09:58:09,088 INFO 21484 [egg-security] use csrf middleware
2021-03-26 09:58:09,089 INFO 21484 [egg-security] use methodnoallow middleware
2021-03-26 09:58:09,090 INFO 21484 [egg-security] use noopen middleware
2021-03-26 09:58:09,091 INFO 21484 [egg-security] use nosniff middleware
2021-03-26 09:58:09,092 INFO 21484 [egg-security] use xssProtection middleware
2021-03-26 09:58:09,092 INFO 21484 [egg-security] use xframe middleware
2021-03-26 09:58:09,093 INFO 21484 [egg-security] use dta middleware
2021-03-26 09:58:09,093 INFO 21484 [egg-security] compose 7 middlewares into one security middleware
2021-03-26 09:58:09,104 INFO 21484 [egg:core] dump config after load, 5ms
2021-03-26 09:58:09,115 INFO 21484 [egg-watcher:application] watcher start success
2021-03-26 09:58:09,123 INFO 21484 [egg:core] dump config after ready, 7ms
2021-03-26 09:58:52,757 INFO 26132 [egg:logger] init all loggers with options: {"dir":"C:\\Users\\gucortez\\Documents\\CursoNodejs\\NODEJS\\AutoAprendizaje\\Egg\\myegg\\logs\\myegg","encoding":"utf8","env":"local","level":"INFO","consoleLevel":"INFO","disableConsoleAfterReady":false,"outputJSON":false,"buffer":true,"appLogName":"myegg-web.log","coreLogName":"egg-web.log","agentLogName":"egg-agent.log","errorLogName":"common-error.log","coreLogger":{"consoleLevel":"WARN"},"allowDebugAtProd":false,"type":"application"}
2021-03-26 09:58:52,793 INFO 26132 [egg-multipart] stream mode enable
2021-03-26 09:58:52,931 INFO 26132 [egg-static] starting static serve /public/ -> C:\Users\gucortez\Documents\CursoNodejs\NODEJS\AutoAprendizaje\Egg\myegg\app\public
2021-03-26 09:58:52,934 INFO 26132 [egg-security] use csrf middleware
2021-03-26 09:58:52,935 INFO 26132 [egg-security] use methodnoallow middleware
2021-03-26 09:58:52,936 INFO 26132 [egg-security] use noopen middleware
2021-03-26 09:58:52,937 INFO 26132 [egg-security] use nosniff middleware
2021-03-26 09:58:52,937 INFO 26132 [egg-security] use xssProtection middleware
2021-03-26 09:58:52,938 INFO 26132 [egg-security] use xframe middleware
2021-03-26 09:58:52,939 INFO 26132 [egg-security] use dta middleware
2021-03-26 09:58:52,939 INFO 26132 [egg-security] compose 7 middlewares into one security middleware
2021-03-26 09:58:52,950 INFO 26132 [egg:core] dump config after load, 5ms
2021-03-26 09:58:52,960 INFO 26132 [egg-watcher:application] watcher start success
2021-03-26 09:58:52,968 INFO 26132 [egg:core] dump config after ready, 6ms
2021-03-26 10:10:13,700 INFO 17176 [egg:logger] init all loggers with options: {"dir":"C:\\Users\\gucortez\\Documents\\CursoNodejs\\NODEJS\\AutoAprendizaje\\Egg\\myegg\\logs\\myegg","encoding":"utf8","env":"local","level":"INFO","consoleLevel":"INFO","disableConsoleAfterReady":false,"outputJSON":false,"buffer":true,"appLogName":"myegg-web.log","coreLogName":"egg-web.log","agentLogName":"egg-agent.log","errorLogName":"common-error.log","coreLogger":{"consoleLevel":"WARN"},"allowDebugAtProd":false,"type":"application"}
2021-03-26 10:10:13,736 INFO 17176 [egg-multipart] stream mode enable
2021-03-26 10:10:13,878 INFO 17176 [egg-static] starting static serve /public/ -> C:\Users\gucortez\Documents\CursoNodejs\NODEJS\AutoAprendizaje\Egg\myegg\app\public
2021-03-26 10:10:13,882 INFO 17176 [egg-security] use csrf middleware
2021-03-26 10:10:13,883 INFO 17176 [egg-security] use methodnoallow middleware
2021-03-26 10:10:13,884 INFO 17176 [egg-security] use noopen middleware
2021-03-26 10:10:13,885 INFO 17176 [egg-security] use nosniff middleware
2021-03-26 10:10:13,886 INFO 17176 [egg-security] use xssProtection middleware
2021-03-26 10:10:13,886 INFO 17176 [egg-security] use xframe middleware
2021-03-26 10:10:13,887 INFO 17176 [egg-security] use dta middleware
2021-03-26 10:10:13,887 INFO 17176 [egg-security] compose 7 middlewares into one security middleware
2021-03-26 10:10:13,900 INFO 17176 [egg:core] dump config after load, 6ms
2021-03-26 10:10:13,913 INFO 17176 [egg-watcher:application] watcher start success
2021-03-26 10:10:13,923 INFO 17176 [egg:core] dump config after ready, 7ms
2021-03-26 10:10:15,402 INFO 2144 [egg:logger] init all loggers with options: {"dir":"C:\\Users\\gucortez\\Documents\\CursoNodejs\\NODEJS\\AutoAprendizaje\\Egg\\myegg\\logs\\myegg","encoding":"utf8","env":"local","level":"INFO","consoleLevel":"INFO","disableConsoleAfterReady":false,"outputJSON":false,"buffer":true,"appLogName":"myegg-web.log","coreLogName":"egg-web.log","agentLogName":"egg-agent.log","errorLogName":"common-error.log","coreLogger":{"consoleLevel":"WARN"},"allowDebugAtProd":false,"type":"application"}
2021-03-26 10:10:15,452 INFO 2144 [egg-multipart] stream mode enable
2021-03-26 10:10:15,630 INFO 2144 [egg-static] starting static serve /public/ -> C:\Users\gucortez\Documents\CursoNodejs\NODEJS\AutoAprendizaje\Egg\myegg\app\public
2021-03-26 10:10:15,633 INFO 2144 [egg-security] use csrf middleware
2021-03-26 10:10:15,634 INFO 2144 [egg-security] use methodnoallow middleware
2021-03-26 10:10:15,635 INFO 2144 [egg-security] use noopen middleware
2021-03-26 10:10:15,636 INFO 2144 [egg-security] use nosniff middleware
2021-03-26 10:10:15,637 INFO 2144 [egg-security] use xssProtection middleware
2021-03-26 10:10:15,638 INFO 2144 [egg-security] use xframe middleware
2021-03-26 10:10:15,639 INFO 2144 [egg-security] use dta middleware
2021-03-26 10:10:15,640 INFO 2144 [egg-security] compose 7 middlewares into one security middleware
2021-03-26 10:10:15,652 INFO 2144 [egg:core] dump config after load, 6ms
2021-03-26 10:10:15,665 INFO 2144 [egg-watcher:application] watcher start success
2021-03-26 10:10:15,675 INFO 2144 [egg:core] dump config after ready, 8ms
